===============================================================================
             Configuring PETSc to compile on your system                       
===============================================================================
TESTING: configureExternalPackagesDir from config.framework(/tmp/jhale/fenicsx-master-r7/petsc/config/BuildSystem/config/framework.py:967)
TESTING: configureDebuggers from config.utilities.debuggers(/tmp/jhale/fenicsx-master-r7/petsc/config/BuildSystem/config/utilities/debuggers.py:21)
TESTING: configureDirectories from PETSc.options.petscdir(/tmp/jhale/fenicsx-master-r7/petsc/config/PETSc/options/petscdir.py:23)
TESTING: getDatafilespath from PETSc.options.dataFilesPath(/tmp/jhale/fenicsx-master-r7/petsc/config/PETSc/options/dataFilesPath.py:29)
TESTING: configureGit from config.sourceControl(/tmp/jhale/fenicsx-master-r7/petsc/config/BuildSystem/config/sourceControl.py:24)
TESTING: configureMercurial from config.sourceControl(/tmp/jhale/fenicsx-master-r7/petsc/config/BuildSystem/config/sourceControl.py:35)
TESTING: configureInstallationMethod from PETSc.options.petscclone(/tmp/jhale/fenicsx-master-r7/petsc/config/PETSc/options/petscclone.py:20)
TESTING: setNativeArchitecture from PETSc.options.arch(/tmp/jhale/fenicsx-master-r7/petsc/config/PETSc/options/arch.py:31)
TESTING: configureArchitecture from PETSc.options.arch(/tmp/jhale/fenicsx-master-r7/petsc/config/PETSc/options/arch.py:43)
TESTING: setInstallDir from PETSc.options.installDir(/tmp/jhale/fenicsx-master-r7/petsc/config/PETSc/options/installDir.py:39)
TESTING: saveReconfigure from PETSc.options.installDir(/tmp/jhale/fenicsx-master-r7/petsc/config/PETSc/options/installDir.py:85)
TESTING: cleanConfDir from PETSc.options.installDir(/tmp/jhale/fenicsx-master-r7/petsc/config/PETSc/options/installDir.py:78)
TESTING: configureInstallDir from PETSc.options.installDir(/tmp/jhale/fenicsx-master-r7/petsc/config/PETSc/options/installDir.py:62)
TESTING: restoreReconfigure from PETSc.options.installDir(/tmp/jhale/fenicsx-master-r7/petsc/config/PETSc/options/installDir.py:98)
TESTING: setExternalPackagesDir from PETSc.options.externalpackagesdir(/tmp/jhale/fenicsx-master-r7/petsc/config/PETSc/options/externalpackagesdir.py:15)
TESTING: cleanExternalpackagesDir from PETSc.options.externalpackagesdir(/tmp/jhale/fenicsx-master-r7/petsc/config/PETSc/options/externalpackagesdir.py:22)
TESTING: configureCLanguage from PETSc.options.languages(/tmp/jhale/fenicsx-master-r7/petsc/config/PETSc/options/languages.py:27)
TESTING: resetEnvCompilers from config.setCompilers(/tmp/jhale/fenicsx-master-r7/petsc/config/BuildSystem/config/setCompilers.py:1946)
TESTING: checkEnvCompilers from config.setCompilers(/tmp/jhale/fenicsx-master-r7/petsc/config/BuildSystem/config/setCompilers.py:1976)
TESTING: checkMPICompilerOverride from config.setCompilers(/tmp/jhale/fenicsx-master-r7/petsc/config/BuildSystem/config/setCompilers.py:1916)
TESTING: requireMpiLdPath from config.setCompilers(/tmp/jhale/fenicsx-master-r7/petsc/config/BuildSystem/config/setCompilers.py:1937)
TESTING: checkInitialFlags from config.setCompilers(/tmp/jhale/fenicsx-master-r7/petsc/config/BuildSystem/config/setCompilers.py:526)
TESTING: checkCCompiler from config.setCompilers(/tmp/jhale/fenicsx-master-r7/petsc/config/BuildSystem/config/setCompilers.py:701)
TESTING: checkCPreprocessor from config.setCompilers(/tmp/jhale/fenicsx-master-r7/petsc/config/BuildSystem/config/setCompilers.py:740)
TESTING: checkCUDACompiler from config.setCompilers(/tmp/jhale/fenicsx-master-r7/petsc/config/BuildSystem/config/setCompilers.py:776)
TESTING: checkCUDAPreprocessor from config.setCompilers(/tmp/jhale/fenicsx-master-r7/petsc/config/BuildSystem/config/setCompilers.py:816)
TESTING: checkHIPCompiler from config.setCompilers(/tmp/jhale/fenicsx-master-r7/petsc/config/BuildSystem/config/setCompilers.py:850)
TESTING: checkHIPPreprocessor from config.setCompilers(/tmp/jhale/fenicsx-master-r7/petsc/config/BuildSystem/config/setCompilers.py:886)
TESTING: checkSYCLCompiler from config.setCompilers(/tmp/jhale/fenicsx-master-r7/petsc/config/BuildSystem/config/setCompilers.py:907)
TESTING: checkSYCLPreprocessor from config.setCompilers(/tmp/jhale/fenicsx-master-r7/petsc/config/BuildSystem/config/setCompilers.py:933)
TESTING: checkCxxCompiler from config.setCompilers(/tmp/jhale/fenicsx-master-r7/petsc/config/BuildSystem/config/setCompilers.py:1020)
TESTING: checkCxxPreprocessor from config.setCompilers(/tmp/jhale/fenicsx-master-r7/petsc/config/BuildSystem/config/setCompilers.py:1061)
TESTING: checkFortranCompiler from config.setCompilers(/tmp/jhale/fenicsx-master-r7/petsc/config/BuildSystem/config/setCompilers.py:1160)
TESTING: checkFortranPreprocessor from config.setCompilers(/tmp/jhale/fenicsx-master-r7/petsc/config/BuildSystem/config/setCompilers.py:1197)
TESTING: checkFortranComments from config.setCompilers(/tmp/jhale/fenicsx-master-r7/petsc/config/BuildSystem/config/setCompilers.py:1219)
TESTING: checkLargeFileIO from config.setCompilers(/tmp/jhale/fenicsx-master-r7/petsc/config/BuildSystem/config/setCompilers.py:1355)
TESTING: checkArchiver from config.setCompilers(/tmp/jhale/fenicsx-master-r7/petsc/config/BuildSystem/config/setCompilers.py:1454)
TESTING: checkArchiverRecipeArgfile from config.setCompilers(/tmp/jhale/fenicsx-master-r7/petsc/config/BuildSystem/config/setCompilers.py:1518)
TESTING: checkSharedLinker from config.setCompilers(/tmp/jhale/fenicsx-master-r7/petsc/config/BuildSystem/config/setCompilers.py:1598)
TESTING: checkPIC from config.setCompilers(/tmp/jhale/fenicsx-master-r7/petsc/config/BuildSystem/config/setCompilers.py:1298)
TESTING: checkSharedLinkerPaths from config.setCompilers(/tmp/jhale/fenicsx-master-r7/petsc/config/BuildSystem/config/setCompilers.py:1711)
TESTING: checkLibC from config.setCompilers(/tmp/jhale/fenicsx-master-r7/petsc/config/BuildSystem/config/setCompilers.py:1750)
TESTING: checkDynamicLinker from config.setCompilers(/tmp/jhale/fenicsx-master-r7/petsc/config/BuildSystem/config/setCompilers.py:1796)
TESTING: output from config.setCompilers(/tmp/jhale/fenicsx-master-r7/petsc/config/BuildSystem/config/setCompilers.py:1845)
TESTING: configureIndexSize from PETSc.options.indexTypes(/tmp/jhale/fenicsx-master-r7/petsc/config/PETSc/options/indexTypes.py:39)
TESTING: configureCompilerFlags from config.compilerFlags(/tmp/jhale/fenicsx-master-r7/petsc/config/BuildSystem/config/compilerFlags.py:82)
TESTING: checkIntelHardwareSupport from config.compilerFlags(/tmp/jhale/fenicsx-master-r7/petsc/config/BuildSystem/config/compilerFlags.py:175)
TESTING: checkCompilerMacros from config.compilerFlags(/tmp/jhale/fenicsx-master-r7/petsc/config/BuildSystem/config/compilerFlags.py:166)
TESTING: checkC99Flag from config.compilers(/tmp/jhale/fenicsx-master-r7/petsc/config/BuildSystem/config/compilers.py:1429)
TESTING: checkRestrict from config.compilers(/tmp/jhale/fenicsx-master-r7/petsc/config/BuildSystem/config/compilers.py:158)
TESTING: checkCFormatting from config.compilers(/tmp/jhale/fenicsx-master-r7/petsc/config/BuildSystem/config/compilers.py:413)
TESTING: checkCInline from config.compilers(/tmp/jhale/fenicsx-master-r7/petsc/config/BuildSystem/config/compilers.py:128)
TESTING: checkDynamicLoadFlag from config.compilers(/tmp/jhale/fenicsx-master-r7/petsc/config/BuildSystem/config/compilers.py:424)
TESTING: checkCLibraries from config.compilers(/tmp/jhale/fenicsx-master-r7/petsc/config/BuildSystem/config/compilers.py:222)
TESTING: checkDependencyGenerationFlag from config.compilers(/tmp/jhale/fenicsx-master-r7/petsc/config/BuildSystem/config/compilers.py:1380)
TESTING: checkRestrict from config.compilers(/tmp/jhale/fenicsx-master-r7/petsc/config/BuildSystem/config/compilers.py:158)
TESTING: checkCxxDialect from config.compilers(/tmp/jhale/fenicsx-master-r7/petsc/config/BuildSystem/config/compilers.py:471)
TESTING: checkCxxOptionalExtensions from config.compilers(/tmp/jhale/fenicsx-master-r7/petsc/config/BuildSystem/config/compilers.py:443)
TESTING: checkCxxInline from config.compilers(/tmp/jhale/fenicsx-master-r7/petsc/config/BuildSystem/config/compilers.py:143)
TESTING: checkCxxLibraries from config.compilers(/tmp/jhale/fenicsx-master-r7/petsc/config/BuildSystem/config/compilers.py:566)
TESTING: checkFortranNameMangling from config.compilers(/tmp/jhale/fenicsx-master-r7/petsc/config/BuildSystem/config/compilers.py:873)
TESTING: checkFortranNameManglingDouble from config.compilers(/tmp/jhale/fenicsx-master-r7/petsc/config/BuildSystem/config/compilers.py:911)
TESTING: checkFortranLibraries from config.compilers(/tmp/jhale/fenicsx-master-r7/petsc/config/BuildSystem/config/compilers.py:921)
TESTING: checkFortranLinkingCxx from config.compilers(/tmp/jhale/fenicsx-master-r7/petsc/config/BuildSystem/config/compilers.py:1345)
TESTING: setupFrameworkCompilers from config.compilers(/tmp/jhale/fenicsx-master-r7/petsc/config/BuildSystem/config/compilers.py:1506)
TESTING: configureClosure from config.utilities.closure(/tmp/jhale/fenicsx-master-r7/petsc/config/BuildSystem/config/utilities/closure.py:17)
TESTING: checkFortranTypeSizes from config.compilersFortran(/tmp/jhale/fenicsx-master-r7/petsc/config/BuildSystem/config/compilersFortran.py:56)
TESTING: checkFortranPreprocessor from config.compilersFortran(/tmp/jhale/fenicsx-master-r7/petsc/config/BuildSystem/config/compilersFortran.py:73)
TESTING: checkFortranDefineCompilerOption from config.compilersFortran(/tmp/jhale/fenicsx-master-r7/petsc/config/BuildSystem/config/compilersFortran.py:96)
TESTING: checkFortran90 from config.compilersFortran(/tmp/jhale/fenicsx-master-r7/petsc/config/BuildSystem/config/compilersFortran.py:146)
TESTING: checkFortran90FreeForm from config.compilersFortran(/tmp/jhale/fenicsx-master-r7/petsc/config/BuildSystem/config/compilersFortran.py:162)
TESTING: checkFortran2003 from config.compilersFortran(/tmp/jhale/fenicsx-master-r7/petsc/config/BuildSystem/config/compilersFortran.py:176)
TESTING: checkFortran90Array from config.compilersFortran(/tmp/jhale/fenicsx-master-r7/petsc/config/BuildSystem/config/compilersFortran.py:211)
TESTING: checkFortran90AssumedType from config.compilersFortran(/tmp/jhale/fenicsx-master-r7/petsc/config/BuildSystem/config/compilersFortran.py:298)
TESTING: checkFortranModuleInclude from config.compilersFortran(/tmp/jhale/fenicsx-master-r7/petsc/config/BuildSystem/config/compilersFortran.py:303)
TESTING: checkFortranModuleOutput from config.compilersFortran(/tmp/jhale/fenicsx-master-r7/petsc/config/BuildSystem/config/compilersFortran.py:369)
TESTING: checkFortranTypeStar from config.compilersFortran(/tmp/jhale/fenicsx-master-r7/petsc/config/BuildSystem/config/compilersFortran.py:135)
TESTING: checkFortranTypeInitialize from config.compilersFortran(/tmp/jhale/fenicsx-master-r7/petsc/config/BuildSystem/config/compilersFortran.py:125)
TESTING: configureFortranFlush from config.compilersFortran(/tmp/jhale/fenicsx-master-r7/petsc/config/BuildSystem/config/compilersFortran.py:116)
TESTING: checkDependencyGenerationFlag from config.compilersFortran(/tmp/jhale/fenicsx-master-r7/petsc/config/BuildSystem/config/compilersFortran.py:414)
TESTING: checkStdC from config.headers(/tmp/jhale/fenicsx-master-r7/petsc/config/BuildSystem/config/headers.py:105)
TESTING: checkStat from config.headers(/tmp/jhale/fenicsx-master-r7/petsc/config/BuildSystem/config/headers.py:138)
TESTING: checkSysWait from config.headers(/tmp/jhale/fenicsx-master-r7/petsc/config/BuildSystem/config/headers.py:173)
TESTING: checkTime from config.headers(/tmp/jhale/fenicsx-master-r7/petsc/config/BuildSystem/config/headers.py:195)
TESTING: checkMath from config.headers(/tmp/jhale/fenicsx-master-r7/petsc/config/BuildSystem/config/headers.py:201)
TESTING: check from config.headers(/tmp/jhale/fenicsx-master-r7/petsc/config/BuildSystem/config/headers.py:77)
TESTING: check from config.headers(/tmp/jhale/fenicsx-master-r7/petsc/config/BuildSystem/config/headers.py:77)
TESTING: check from config.headers(/tmp/jhale/fenicsx-master-r7/petsc/config/BuildSystem/config/headers.py:77)
TESTING: check from config.headers(/tmp/jhale/fenicsx-master-r7/petsc/config/BuildSystem/config/headers.py:77)
TESTING: check from config.headers(/tmp/jhale/fenicsx-master-r7/petsc/config/BuildSystem/config/headers.py:77)
TESTING: check from config.headers(/tmp/jhale/fenicsx-master-r7/petsc/config/BuildSystem/config/headers.py:77)
TESTING: check from config.headers(/tmp/jhale/fenicsx-master-r7/petsc/config/BuildSystem/config/headers.py:77)
TESTING: check from config.headers(/tmp/jhale/fenicsx-master-r7/petsc/config/BuildSystem/config/headers.py:77)
TESTING: check from config.headers(/tmp/jhale/fenicsx-master-r7/petsc/config/BuildSystem/config/headers.py:77)
TESTING: check from config.headers(/tmp/jhale/fenicsx-master-r7/petsc/config/BuildSystem/config/headers.py:77)
TESTING: check from config.headers(/tmp/jhale/fenicsx-master-r7/petsc/config/BuildSystem/config/headers.py:77)
TESTING: check from config.headers(/tmp/jhale/fenicsx-master-r7/petsc/config/BuildSystem/config/headers.py:77)
TESTING: check from config.headers(/tmp/jhale/fenicsx-master-r7/petsc/config/BuildSystem/config/headers.py:77)
TESTING: check from config.headers(/tmp/jhale/fenicsx-master-r7/petsc/config/BuildSystem/config/headers.py:77)
TESTING: check from config.headers(/tmp/jhale/fenicsx-master-r7/petsc/config/BuildSystem/config/headers.py:77)
TESTING: check from config.headers(/tmp/jhale/fenicsx-master-r7/petsc/config/BuildSystem/config/headers.py:77)
TESTING: check from config.headers(/tmp/jhale/fenicsx-master-r7/petsc/config/BuildSystem/config/headers.py:77)
TESTING: check from config.headers(/tmp/jhale/fenicsx-master-r7/petsc/config/BuildSystem/config/headers.py:77)
TESTING: check from config.headers(/tmp/jhale/fenicsx-master-r7/petsc/config/BuildSystem/config/headers.py:77)
TESTING: check from config.headers(/tmp/jhale/fenicsx-master-r7/petsc/config/BuildSystem/config/headers.py:77)
TESTING: check from config.headers(/tmp/jhale/fenicsx-master-r7/petsc/config/BuildSystem/config/headers.py:77)
TESTING: check from config.headers(/tmp/jhale/fenicsx-master-r7/petsc/config/BuildSystem/config/headers.py:77)
TESTING: check from config.headers(/tmp/jhale/fenicsx-master-r7/petsc/config/BuildSystem/config/headers.py:77)
TESTING: check from config.headers(/tmp/jhale/fenicsx-master-r7/petsc/config/BuildSystem/config/headers.py:77)
TESTING: check from config.headers(/tmp/jhale/fenicsx-master-r7/petsc/config/BuildSystem/config/headers.py:77)
TESTING: check from config.headers(/tmp/jhale/fenicsx-master-r7/petsc/config/BuildSystem/config/headers.py:77)
TESTING: check from config.headers(/tmp/jhale/fenicsx-master-r7/petsc/config/BuildSystem/config/headers.py:77)
TESTING: check from config.headers(/tmp/jhale/fenicsx-master-r7/petsc/config/BuildSystem/config/headers.py:77)
TESTING: check from config.headers(/tmp/jhale/fenicsx-master-r7/petsc/config/BuildSystem/config/headers.py:77)
TESTING: check from config.headers(/tmp/jhale/fenicsx-master-r7/petsc/config/BuildSystem/config/headers.py:77)
TESTING: check from config.headers(/tmp/jhale/fenicsx-master-r7/petsc/config/BuildSystem/config/headers.py:77)
TESTING: check from config.headers(/tmp/jhale/fenicsx-master-r7/petsc/config/BuildSystem/config/headers.py:77)
TESTING: check from config.headers(/tmp/jhale/fenicsx-master-r7/petsc/config/BuildSystem/config/headers.py:77)
TESTING: check from config.headers(/tmp/jhale/fenicsx-master-r7/petsc/config/BuildSystem/config/headers.py:77)
TESTING: check from config.headers(/tmp/jhale/fenicsx-master-r7/petsc/config/BuildSystem/config/headers.py:77)
TESTING: check from config.headers(/tmp/jhale/fenicsx-master-r7/petsc/config/BuildSystem/config/headers.py:77)
TESTING: check from config.headers(/tmp/jhale/fenicsx-master-r7/petsc/config/BuildSystem/config/headers.py:77)
TESTING: check from config.headers(/tmp/jhale/fenicsx-master-r7/petsc/config/BuildSystem/config/headers.py:77)
TESTING: check from config.headers(/tmp/jhale/fenicsx-master-r7/petsc/config/BuildSystem/config/headers.py:77)
TESTING: check from config.headers(/tmp/jhale/fenicsx-master-r7/petsc/config/BuildSystem/config/headers.py:77)
TESTING: check from config.headers(/tmp/jhale/fenicsx-master-r7/petsc/config/BuildSystem/config/headers.py:77)
TESTING: check from config.headers(/tmp/jhale/fenicsx-master-r7/petsc/config/BuildSystem/config/headers.py:77)
TESTING: check from config.headers(/tmp/jhale/fenicsx-master-r7/petsc/config/BuildSystem/config/headers.py:77)
TESTING: check from config.headers(/tmp/jhale/fenicsx-master-r7/petsc/config/BuildSystem/config/headers.py:77)
TESTING: check from config.headers(/tmp/jhale/fenicsx-master-r7/petsc/config/BuildSystem/config/headers.py:77)
TESTING: check from config.headers(/tmp/jhale/fenicsx-master-r7/petsc/config/BuildSystem/config/headers.py:77)
TESTING: check from config.headers(/tmp/jhale/fenicsx-master-r7/petsc/config/BuildSystem/config/headers.py:77)
TESTING: check from config.headers(/tmp/jhale/fenicsx-master-r7/petsc/config/BuildSystem/config/headers.py:77)
TESTING: check from config.headers(/tmp/jhale/fenicsx-master-r7/petsc/config/BuildSystem/config/headers.py:77)
TESTING: check from config.headers(/tmp/jhale/fenicsx-master-r7/petsc/config/BuildSystem/config/headers.py:77)
TESTING: check from config.headers(/tmp/jhale/fenicsx-master-r7/petsc/config/BuildSystem/config/headers.py:77)
TESTING: check from config.headers(/tmp/jhale/fenicsx-master-r7/petsc/config/BuildSystem/config/headers.py:77)
TESTING: check from config.headers(/tmp/jhale/fenicsx-master-r7/petsc/config/BuildSystem/config/headers.py:77)
TESTING: check from config.headers(/tmp/jhale/fenicsx-master-r7/petsc/config/BuildSystem/config/headers.py:77)
TESTING: check from config.headers(/tmp/jhale/fenicsx-master-r7/petsc/config/BuildSystem/config/headers.py:77)
TESTING: check from config.headers(/tmp/jhale/fenicsx-master-r7/petsc/config/BuildSystem/config/headers.py:77)
TESTING: check from config.headers(/tmp/jhale/fenicsx-master-r7/petsc/config/BuildSystem/config/headers.py:77)
TESTING: check from config.headers(/tmp/jhale/fenicsx-master-r7/petsc/config/BuildSystem/config/headers.py:77)
TESTING: check from config.headers(/tmp/jhale/fenicsx-master-r7/petsc/config/BuildSystem/config/headers.py:77)
TESTING: check from config.headers(/tmp/jhale/fenicsx-master-r7/petsc/config/BuildSystem/config/headers.py:77)
TESTING: check from config.headers(/tmp/jhale/fenicsx-master-r7/petsc/config/BuildSystem/config/headers.py:77)
TESTING: check from config.headers(/tmp/jhale/fenicsx-master-r7/petsc/config/BuildSystem/config/headers.py:77)
TESTING: check from config.headers(/tmp/jhale/fenicsx-master-r7/petsc/config/BuildSystem/config/headers.py:77)
TESTING: check from config.headers(/tmp/jhale/fenicsx-master-r7/petsc/config/BuildSystem/config/headers.py:77)
TESTING: check from config.headers(/tmp/jhale/fenicsx-master-r7/petsc/config/BuildSystem/config/headers.py:77)
TESTING: check from config.headers(/tmp/jhale/fenicsx-master-r7/petsc/config/BuildSystem/config/headers.py:77)
TESTING: checkRecursiveMacros from config.headers(/tmp/jhale/fenicsx-master-r7/petsc/config/BuildSystem/config/headers.py:216)
TESTING: configureCacheDetails from config.utilities.cacheDetails(/tmp/jhale/fenicsx-master-r7/petsc/config/BuildSystem/config/utilities/cacheDetails.py:78)
TESTING: check_struct_sigaction from config.types(/tmp/jhale/fenicsx-master-r7/petsc/config/BuildSystem/config/types.py:42)
TESTING: check__int64 from config.types(/tmp/jhale/fenicsx-master-r7/petsc/config/BuildSystem/config/types.py:48)
TESTING: checkSizeTypes from config.types(/tmp/jhale/fenicsx-master-r7/petsc/config/BuildSystem/config/types.py:54)
TESTING: checkFileTypes from config.types(/tmp/jhale/fenicsx-master-r7/petsc/config/BuildSystem/config/types.py:64)
TESTING: checkIntegerTypes from config.types(/tmp/jhale/fenicsx-master-r7/petsc/config/BuildSystem/config/types.py:59)
TESTING: checkPID from config.types(/tmp/jhale/fenicsx-master-r7/petsc/config/BuildSystem/config/types.py:70)
TESTING: checkUID from config.types(/tmp/jhale/fenicsx-master-r7/petsc/config/BuildSystem/config/types.py:74)
TESTING: checkC99Complex from config.types(/tmp/jhale/fenicsx-master-r7/petsc/config/BuildSystem/config/types.py:81)
TESTING: checkCxxComplex from config.types(/tmp/jhale/fenicsx-master-r7/petsc/config/BuildSystem/config/types.py:92)
TESTING: checkConst from config.types(/tmp/jhale/fenicsx-master-r7/petsc/config/BuildSystem/config/types.py:103)
TESTING: checkSizeof from config.types(/tmp/jhale/fenicsx-master-r7/petsc/config/BuildSystem/config/types.py:159)
TESTING: checkSizeof from config.types(/tmp/jhale/fenicsx-master-r7/petsc/config/BuildSystem/config/types.py:159)
TESTING: checkSizeof from config.types(/tmp/jhale/fenicsx-master-r7/petsc/config/BuildSystem/config/types.py:159)
TESTING: checkSizeof from config.types(/tmp/jhale/fenicsx-master-r7/petsc/config/BuildSystem/config/types.py:159)
TESTING: checkSizeof from config.types(/tmp/jhale/fenicsx-master-r7/petsc/config/BuildSystem/config/types.py:159)
TESTING: checkSizeof from config.types(/tmp/jhale/fenicsx-master-r7/petsc/config/BuildSystem/config/types.py:159)
TESTING: checkSizeof from config.types(/tmp/jhale/fenicsx-master-r7/petsc/config/BuildSystem/config/types.py:159)
TESTING: checkVisibility from config.types(/tmp/jhale/fenicsx-master-r7/petsc/config/BuildSystem/config/types.py:193)
TESTING: checkMaxPathLen from config.types(/tmp/jhale/fenicsx-master-r7/petsc/config/BuildSystem/config/types.py:215)
TESTING: configureMemAlign from PETSc.options.memAlign(/tmp/jhale/fenicsx-master-r7/petsc/config/PETSc/options/memAlign.py:29)
TESTING: check from config.libraries(/tmp/jhale/fenicsx-master-r7/petsc/config/BuildSystem/config/libraries.py:157)
TESTING: check from config.libraries(/tmp/jhale/fenicsx-master-r7/petsc/config/BuildSystem/config/libraries.py:157)
TESTING: check from config.libraries(/tmp/jhale/fenicsx-master-r7/petsc/config/BuildSystem/config/libraries.py:157)
TESTING: check from config.libraries(/tmp/jhale/fenicsx-master-r7/petsc/config/BuildSystem/config/libraries.py:157)
TESTING: checkMath from config.libraries(/tmp/jhale/fenicsx-master-r7/petsc/config/BuildSystem/config/libraries.py:264)
TESTING: checkMathErf from config.libraries(/tmp/jhale/fenicsx-master-r7/petsc/config/BuildSystem/config/libraries.py:283)
TESTING: checkMathTgamma from config.libraries(/tmp/jhale/fenicsx-master-r7/petsc/config/BuildSystem/config/libraries.py:292)
TESTING: checkMathLgamma from config.libraries(/tmp/jhale/fenicsx-master-r7/petsc/config/BuildSystem/config/libraries.py:301)
TESTING: checkMathFenv from config.libraries(/tmp/jhale/fenicsx-master-r7/petsc/config/BuildSystem/config/libraries.py:314)
TESTING: checkMathLog2 from config.libraries(/tmp/jhale/fenicsx-master-r7/petsc/config/BuildSystem/config/libraries.py:322)
TESTING: checkRealtime from config.libraries(/tmp/jhale/fenicsx-master-r7/petsc/config/BuildSystem/config/libraries.py:331)
TESTING: checkDynamic from config.libraries(/tmp/jhale/fenicsx-master-r7/petsc/config/BuildSystem/config/libraries.py:347)
TESTING: configureLibraryOptions from PETSc.options.libraryOptions(/tmp/jhale/fenicsx-master-r7/petsc/config/PETSc/options/libraryOptions.py:38)
TESTING: configureISColorValueType from PETSc.options.libraryOptions(/tmp/jhale/fenicsx-master-r7/petsc/config/PETSc/options/libraryOptions.py:99)
TESTING: checkSysinfo from config.functions(/tmp/jhale/fenicsx-master-r7/petsc/config/BuildSystem/config/functions.py:106)
TESTING: checkVPrintf from config.functions(/tmp/jhale/fenicsx-master-r7/petsc/config/BuildSystem/config/functions.py:125)
TESTING: checkVFPrintf from config.functions(/tmp/jhale/fenicsx-master-r7/petsc/config/BuildSystem/config/functions.py:131)
TESTING: checkVSNPrintf from config.functions(/tmp/jhale/fenicsx-master-r7/petsc/config/BuildSystem/config/functions.py:137)
TESTING: checkNanosleep from config.functions(/tmp/jhale/fenicsx-master-r7/petsc/config/BuildSystem/config/functions.py:167)
TESTING: checkMemmove from config.functions(/tmp/jhale/fenicsx-master-r7/petsc/config/BuildSystem/config/functions.py:173)
TESTING: checkSignalHandlerType from config.functions(/tmp/jhale/fenicsx-master-r7/petsc/config/BuildSystem/config/functions.py:143)
TESTING: checkFreeReturnType from config.functions(/tmp/jhale/fenicsx-master-r7/petsc/config/BuildSystem/config/functions.py:153)
TESTING: checkVariableArgumentLists from config.functions(/tmp/jhale/fenicsx-master-r7/petsc/config/BuildSystem/config/functions.py:159)
TESTING: checkClassify from config.functions(/tmp/jhale/fenicsx-master-r7/petsc/config/BuildSystem/config/functions.py:85)
TESTING: checkMmap from config.functions(/tmp/jhale/fenicsx-master-r7/petsc/config/BuildSystem/config/functions.py:179)
TESTING: configureMemorySize from config.utilities.getResidentSetSize(/tmp/jhale/fenicsx-master-r7/petsc/config/BuildSystem/config/utilities/getResidentSetSize.py:31)
TESTING: configureFortranCommandLine from config.utilities.fortranCommandLine(/tmp/jhale/fenicsx-master-r7/petsc/config/BuildSystem/config/utilities/fortranCommandLine.py:27)
TESTING: configureFPTrap from config.utilities.FPTrap(/tmp/jhale/fenicsx-master-r7/petsc/config/BuildSystem/config/utilities/FPTrap.py:27)
TESTING: configureFeatureTestMacros from config.utilities.featureTestMacros(/tmp/jhale/fenicsx-master-r7/petsc/config/BuildSystem/config/utilities/featureTestMacros.py:13)
TESTING: configureMissingUtypeTypedefs from config.utilities.missing(/tmp/jhale/fenicsx-master-r7/petsc/config/BuildSystem/config/utilities/missing.py:55)
TESTING: configureMissingFunctions from config.utilities.missing(/tmp/jhale/fenicsx-master-r7/petsc/config/BuildSystem/config/utilities/missing.py:61)
TESTING: configureMissingSignals from config.utilities.missing(/tmp/jhale/fenicsx-master-r7/petsc/config/BuildSystem/config/utilities/missing.py:79)
TESTING: configureMissingGetdomainnamePrototype from config.utilities.missing(/tmp/jhale/fenicsx-master-r7/petsc/config/BuildSystem/config/utilities/missing.py:96)
TESTING: configureMissingSrandPrototype from config.utilities.missing(/tmp/jhale/fenicsx-master-r7/petsc/config/BuildSystem/config/utilities/missing.py:121)
TESTING: checkSharedDynamicPicOptions from PETSc.options.sharedLibraries(/tmp/jhale/fenicsx-master-r7/petsc/config/PETSc/options/sharedLibraries.py:34)
TESTING: configureSharedLibraries from PETSc.options.sharedLibraries(/tmp/jhale/fenicsx-master-r7/petsc/config/PETSc/options/sharedLibraries.py:49)
TESTING: configureDynamicLibraries from PETSc.options.sharedLibraries(/tmp/jhale/fenicsx-master-r7/petsc/config/PETSc/options/sharedLibraries.py:94)
TESTING: configureSerializedFunctions from PETSc.options.sharedLibraries(/tmp/jhale/fenicsx-master-r7/petsc/config/PETSc/options/sharedLibraries.py:100)
TESTING: checkSymbolResolution from PETSc.options.sharedLibraries(/tmp/jhale/fenicsx-master-r7/petsc/config/PETSc/options/sharedLibraries.py:109)
TESTING: configureScalarType from PETSc.options.scalarTypes(/tmp/jhale/fenicsx-master-r7/petsc/config/PETSc/options/scalarTypes.py:40)
TESTING: configurePrecision from PETSc.options.scalarTypes(/tmp/jhale/fenicsx-master-r7/petsc/config/PETSc/options/scalarTypes.py:81)
TESTING: configureMkdir from config.programs(/tmp/jhale/fenicsx-master-r7/petsc/config/BuildSystem/config/programs.py:22)
TESTING: configureAutoreconf from config.programs(/tmp/jhale/fenicsx-master-r7/petsc/config/BuildSystem/config/programs.py:44)
TESTING: configurePrograms from config.programs(/tmp/jhale/fenicsx-master-r7/petsc/config/BuildSystem/config/programs.py:71)
TESTING: consistencyChecks from config.packages.make(/tmp/jhale/fenicsx-master-r7/petsc/config/BuildSystem/config/package.py:963)
TESTING: alternateConfigureLibrary from config.packages.make(/tmp/jhale/fenicsx-master-r7/petsc/config/BuildSystem/config/package.py:959)
TESTING: configureMake from config.packages.make(/tmp/jhale/fenicsx-master-r7/petsc/config/BuildSystem/config/packages/make.py:96)
              =============================================================================================
                    ***** WARNING: You have a version of GNU make older than 4.0. It will work,
                    but may not support all the parallel testing options. You can install the 
                    latest GNU make with your package manager, such as brew or macports, or use
                    the --download-make option to get the latest GNU make *****
              =============================================================================================
            
TESTING: setupGNUMake from config.packages.make(/tmp/jhale/fenicsx-master-r7/petsc/config/BuildSystem/config/packages/make.py:150)
TESTING: configureMakeNP from config.packages.make(/tmp/jhale/fenicsx-master-r7/petsc/config/BuildSystem/config/packages/make.py:197)
TESTING: consistencyChecks from config.packages.X(/tmp/jhale/fenicsx-master-r7/petsc/config/BuildSystem/config/package.py:963)
TESTING: checkDependencies from config.packages.X(/tmp/jhale/fenicsx-master-r7/petsc/config/BuildSystem/config/package.py:872)
TESTING: configureLibrary from config.packages.X(/tmp/jhale/fenicsx-master-r7/petsc/config/BuildSystem/config/package.py:897)
TESTING: check from config.libraries(/tmp/jhale/fenicsx-master-r7/petsc/config/BuildSystem/config/libraries.py:157)
TESTING: check from config.libraries(/tmp/jhale/fenicsx-master-r7/petsc/config/BuildSystem/config/libraries.py:157)
TESTING: checkInclude from config.headers(/tmp/jhale/fenicsx-master-r7/petsc/config/BuildSystem/config/headers.py:86)
TESTING: checkInclude from config.headers(/tmp/jhale/fenicsx-master-r7/petsc/config/BuildSystem/config/headers.py:86)
TESTING: checkVersion from config.packages.X(/tmp/jhale/fenicsx-master-r7/petsc/config/BuildSystem/config/package.py:1026)
TESTING: checkSharedLibrary from config.packages.X(/tmp/jhale/fenicsx-master-r7/petsc/config/BuildSystem/config/package.py:955)
TESTING: consistencyChecks from config.packages.hwloc(/tmp/jhale/fenicsx-master-r7/petsc/config/BuildSystem/config/package.py:963)
TESTING: alternateConfigureLibrary from config.packages.hwloc(/tmp/jhale/fenicsx-master-r7/petsc/config/BuildSystem/config/package.py:959)
TESTING: consistencyChecks from config.packages.valgrind(/tmp/jhale/fenicsx-master-r7/petsc/config/BuildSystem/config/package.py:963)
TESTING: configureLibrary from config.packages.valgrind(/tmp/jhale/fenicsx-master-r7/petsc/config/BuildSystem/config/package.py:897)
TESTING: check from config.libraries(/tmp/jhale/fenicsx-master-r7/petsc/config/BuildSystem/config/libraries.py:157)
TESTING: checkInclude from config.headers(/tmp/jhale/fenicsx-master-r7/petsc/config/BuildSystem/config/headers.py:86)
TESTING: checkInclude from config.headers(/tmp/jhale/fenicsx-master-r7/petsc/config/BuildSystem/config/headers.py:86)
TESTING: check from config.libraries(/tmp/jhale/fenicsx-master-r7/petsc/config/BuildSystem/config/libraries.py:157)
TESTING: checkInclude from config.headers(/tmp/jhale/fenicsx-master-r7/petsc/config/BuildSystem/config/headers.py:86)
TESTING: checkInclude from config.headers(/tmp/jhale/fenicsx-master-r7/petsc/config/BuildSystem/config/headers.py:86)
TESTING: check from config.libraries(/tmp/jhale/fenicsx-master-r7/petsc/config/BuildSystem/config/libraries.py:157)
TESTING: checkInclude from config.headers(/tmp/jhale/fenicsx-master-r7/petsc/config/BuildSystem/config/headers.py:86)
TESTING: checkInclude from config.headers(/tmp/jhale/fenicsx-master-r7/petsc/config/BuildSystem/config/headers.py:86)
          =============================================================================================
                It appears you do not have valgrind installed on your system.
                We HIGHLY recommend you install it from www.valgrind.org
                Or install valgrind-devel or equivalent using your package manager.
                Then rerun ./configure
          =============================================================================================
        
TESTING: consistencyChecks from config.packages.thrust(/tmp/jhale/fenicsx-master-r7/petsc/config/BuildSystem/config/package.py:963)
TESTING: alternateConfigureLibrary from config.packages.thrust(/tmp/jhale/fenicsx-master-r7/petsc/config/BuildSystem/config/package.py:959)
TESTING: consistencyChecks from config.packages.cuda(/tmp/jhale/fenicsx-master-r7/petsc/config/BuildSystem/config/package.py:963)
TESTING: alternateConfigureLibrary from config.packages.cuda(/tmp/jhale/fenicsx-master-r7/petsc/config/BuildSystem/config/package.py:959)
TESTING: consistencyChecks from config.packages.OpenMPI(/tmp/jhale/fenicsx-master-r7/petsc/config/BuildSystem/config/package.py:963)
TESTING: alternateConfigureLibrary from config.packages.OpenMPI(/tmp/jhale/fenicsx-master-r7/petsc/config/BuildSystem/config/package.py:959)
TESTING: consistencyChecks from config.packages.MPICH(/tmp/jhale/fenicsx-master-r7/petsc/config/BuildSystem/config/package.py:963)
TESTING: alternateConfigureLibrary from config.packages.MPICH(/tmp/jhale/fenicsx-master-r7/petsc/config/BuildSystem/config/package.py:959)
TESTING: consistencyChecks from config.packages.MPI(/tmp/jhale/fenicsx-master-r7/petsc/config/BuildSystem/config/package.py:963)
TESTING: checkDependencies from config.packages.MPI(/tmp/jhale/fenicsx-master-r7/petsc/config/BuildSystem/config/package.py:872)
TESTING: configureLibrary from config.packages.MPI(/tmp/jhale/fenicsx-master-r7/petsc/config/BuildSystem/config/packages/MPI.py:691)
TESTING: check from config.libraries(/tmp/jhale/fenicsx-master-r7/petsc/config/BuildSystem/config/libraries.py:157)
TESTING: checkInclude from config.headers(/tmp/jhale/fenicsx-master-r7/petsc/config/BuildSystem/config/headers.py:86)
TESTING: checkInclude from config.headers(/tmp/jhale/fenicsx-master-r7/petsc/config/BuildSystem/config/headers.py:86)
TESTING: checkMPIDistro from config.packages.MPI(/tmp/jhale/fenicsx-master-r7/petsc/config/BuildSystem/config/packages/MPI.py:544)
TESTING: configureMPI2 from config.packages.MPI(/tmp/jhale/fenicsx-master-r7/petsc/config/BuildSystem/config/packages/MPI.py:332)
TESTING: configureMPI3 from config.packages.MPI(/tmp/jhale/fenicsx-master-r7/petsc/config/BuildSystem/config/packages/MPI.py:379)
TESTING: configureMPIEXEC from config.packages.MPI(/tmp/jhale/fenicsx-master-r7/petsc/config/BuildSystem/config/packages/MPI.py:177)
*******************************************************************************
         UNABLE to CONFIGURE with GIVEN OPTIONS    (see configure.log for details):
-------------------------------------------------------------------------------
Timeout: Unable to run MPI program with srun -n 1 --mpi=pmi2 -n 1
    (1) make sure this is the correct program to run MPI jobs
    (2) your network may be misconfigured; see https://www.mcs.anl.gov/petsc/documentation/faq.html#mpi-network-misconfigure
    (3) you may have VPN running whose network settings may not play nice with MPI
*******************************************************************************

